app/build/intermediates/manifest_merge_blame_file/debug/manifest-merger-blame-debug-report.txt
1<?xml version="1.0" encoding="utf-8"?>
2<manifest xmlns:android="http://schemas.android.com/apk/res/android"
3    package="com.callhh.nn"
4    android:versionCode="1"
5    android:versionName="1.0.0" >
6
7    <uses-sdk
8        android:minSdkVersion="19"
8-->src\main\AndroidManifest.xml
9        android:targetSdkVersion="29" />
9-->src\main\AndroidManifest.xml
10
11    <uses-permission android:name="android.permission.INTERNET" />
11-->src\main\AndroidManifest.xml:6:5-67
11-->src\main\AndroidManifest.xml:6:22-64
12    <uses-permission android:name="android.permission.ACCESS_NETWORK_STATE" />
12-->src\main\AndroidManifest.xml:7:5-79
12-->src\main\AndroidManifest.xml:7:22-76
13    <uses-permission android:name="android.permission.ACCESS_WIFI_STATE" />
13-->src\main\AndroidManifest.xml:8:5-76
13-->src\main\AndroidManifest.xml:8:22-73
14    <uses-permission android:name="android.permission.READ_EXTERNAL_STORAGE" />
14-->src\main\AndroidManifest.xml:9:5-80
14-->src\main\AndroidManifest.xml:9:22-77
15    <uses-permission android:name="android.permission.WRITE_EXTERNAL_STORAGE" />
15-->src\main\AndroidManifest.xml:10:5-81
15-->src\main\AndroidManifest.xml:10:22-78
16    <uses-permission android:name="android.permission.CAMERA" />
16-->src\main\AndroidManifest.xml:11:5-65
16-->src\main\AndroidManifest.xml:11:22-62
17
18    <uses-feature android:name="android.hardware.camera" />
18-->src\main\AndroidManifest.xml:13:5-60
18-->src\main\AndroidManifest.xml:13:19-57
19    <uses-feature android:name="android.hardware.camera.autofocus" />
19-->src\main\AndroidManifest.xml:14:5-70
19-->src\main\AndroidManifest.xml:14:19-67
20
21    <uses-permission android:name="android.permission.VIBRATE" />
21-->src\main\AndroidManifest.xml:16:5-66
21-->src\main\AndroidManifest.xml:16:22-63
22    <uses-permission android:name="android.permission.WAKE_LOCK" /> <!-- 这个权限用于进行网络定位 -->
22-->src\main\AndroidManifest.xml:17:5-68
22-->src\main\AndroidManifest.xml:17:22-65
23    <uses-permission android:name="android.permission.ACCESS_COARSE_LOCATION" /> <!-- 这个权限用于访问GPS定位 -->
23-->src\main\AndroidManifest.xml:18:5-81
23-->src\main\AndroidManifest.xml:18:22-78
24    <uses-permission android:name="android.permission.ACCESS_FINE_LOCATION" /> <!-- 这个权限用于获取wifi的获取权限，wifi信息会用来进行网络定位 -->
24-->src\main\AndroidManifest.xml:19:5-79
24-->src\main\AndroidManifest.xml:19:22-76
25    <uses-permission android:name="android.permission.CHANGE_WIFI_STATE" /> <!-- 用于读取手机当前的状态 -->
25-->src\main\AndroidManifest.xml:20:5-76
25-->src\main\AndroidManifest.xml:20:22-73
26    <uses-permission android:name="android.permission.READ_PHONE_STATE" /> <!-- SD卡读取权限，用户写入离线定位数据；允许应用挂载/卸载外部文件系统 -->
26-->src\main\AndroidManifest.xml:21:5-75
26-->src\main\AndroidManifest.xml:21:22-72
27    <uses-permission android:name="android.permission.MOUNT_UNMOUNT_FILESYSTEMS" />
27-->src\main\AndroidManifest.xml:22:5-23:47
27-->src\main\AndroidManifest.xml:22:22-81
28    <uses-permission android:name="android.permission.CALL_PHONE" />
28-->src\main\AndroidManifest.xml:24:5-69
28-->src\main\AndroidManifest.xml:24:22-66
29    <!-- 允许访问闪光灯 -->
30    <uses-permission android:name="android.permission.FLASHLIGHT" />
30-->src\main\AndroidManifest.xml:26:5-69
30-->src\main\AndroidManifest.xml:26:22-66
31    <!-- 8.0安装不了的问题 权限 -->
32    <uses-permission android:name="android.permission.REQUEST_INSTALL_PACKAGES" />
32-->src\main\AndroidManifest.xml:28:5-83
32-->src\main\AndroidManifest.xml:28:22-80
33
34    <application
34-->src\main\AndroidManifest.xml:30:5-78:19
35        android:name="com.callhh.nn.base.BaseApplication"
35-->src\main\AndroidManifest.xml:31:9-45
36        android:allowBackup="false"
36-->src\main\AndroidManifest.xml:32:9-36
37        android:appComponentFactory="androidx.core.app.CoreComponentFactory"
37-->[androidx.core:core:1.3.0] AndroidManifest.xml:24:18-86
38        android:debuggable="true"
39        android:icon="@mipmap/ic_launcher"
39-->src\main\AndroidManifest.xml:33:9-43
40        android:label="@string/app_name"
40-->src\main\AndroidManifest.xml:34:9-41
41        android:networkSecurityConfig="@xml/network_security_config"
41-->src\main\AndroidManifest.xml:35:9-69
42        android:roundIcon="@mipmap/ic_launcher_round"
42-->src\main\AndroidManifest.xml:36:9-54
43        android:supportsRtl="true"
43-->src\main\AndroidManifest.xml:37:9-35
44        android:theme="@style/AppTheme" >
44-->src\main\AndroidManifest.xml:38:9-40
45        <provider
46            android:name="androidx.core.content.FileProvider"
46-->src\main\AndroidManifest.xml:42:13-62
47            android:authorities="com.callhh.nn.fileprovider"
47-->src\main\AndroidManifest.xml:43:13-64
48            android:exported="false"
48-->src\main\AndroidManifest.xml:44:13-37
49            android:grantUriPermissions="true" >
49-->src\main\AndroidManifest.xml:45:13-47
50            <meta-data
50-->src\main\AndroidManifest.xml:46:13-48:54
51                android:name="android.support.FILE_PROVIDER_PATHS"
51-->src\main\AndroidManifest.xml:47:17-67
52                android:resource="@xml/file_paths" />
52-->src\main\AndroidManifest.xml:48:17-51
53        </provider>
54
55        <!-- ================== START Activity ================== -->
56
57        <activity
57-->src\main\AndroidManifest.xml:53:9-62:20
58            android:name="com.callhh.nn.ui.SplashActivity"
58-->src\main\AndroidManifest.xml:54:13-46
59            android:screenOrientation="portrait"
59-->src\main\AndroidManifest.xml:55:13-49
60            android:theme="@style/splashScreenTheme" >
60-->src\main\AndroidManifest.xml:56:13-53
61            <intent-filter>
61-->src\main\AndroidManifest.xml:57:13-61:29
62                <action android:name="android.intent.action.MAIN" />
62-->src\main\AndroidManifest.xml:58:17-68
62-->src\main\AndroidManifest.xml:58:25-66
63
64                <category android:name="android.intent.category.LAUNCHER" />
64-->src\main\AndroidManifest.xml:60:17-76
64-->src\main\AndroidManifest.xml:60:27-74
65            </intent-filter>
66        </activity>
67        <activity
67-->src\main\AndroidManifest.xml:64:9-67:51
68            android:name="com.callhh.nn.ui.MainActivity"
68-->src\main\AndroidManifest.xml:65:13-44
69            android:configChanges="orientation|screenSize|keyboardHidden"
69-->src\main\AndroidManifest.xml:66:13-74
70            android:screenOrientation="portrait" />
70-->src\main\AndroidManifest.xml:67:13-49
71        <activity
71-->src\main\AndroidManifest.xml:68:9-70:51
72            android:name="com.callhh.nn.ui.common.WebActivity"
72-->src\main\AndroidManifest.xml:69:13-50
73            android:screenOrientation="portrait" />
73-->src\main\AndroidManifest.xml:70:13-49
74        <activity
74-->src\main\AndroidManifest.xml:71:9-73:52
75            android:name="com.callhh.nn.ui.LoginActivity"
75-->src\main\AndroidManifest.xml:72:13-45
76            android:screenOrientation="portrait" />
76-->src\main\AndroidManifest.xml:73:13-49
77
78        <!-- ================== END Activity ================== -->
79
80        <provider
80-->[com.readystatesoftware.chuck:library:1.0.4] AndroidManifest.xml:25:9-28:40
81            android:name="com.readystatesoftware.chuck.internal.data.ChuckContentProvider"
81-->[com.readystatesoftware.chuck:library:1.0.4] AndroidManifest.xml:26:13-91
82            android:authorities="com.callhh.nn.chuck.provider"
82-->[com.readystatesoftware.chuck:library:1.0.4] AndroidManifest.xml:27:13-66
83            android:exported="false" />
83-->[com.readystatesoftware.chuck:library:1.0.4] AndroidManifest.xml:28:13-37
84
85        <activity
85-->[com.readystatesoftware.chuck:library:1.0.4] AndroidManifest.xml:30:9-35:50
86            android:name="com.readystatesoftware.chuck.internal.ui.MainActivity"
86-->[com.readystatesoftware.chuck:library:1.0.4] AndroidManifest.xml:31:13-81
87            android:label="@string/chuck_name"
87-->[com.readystatesoftware.chuck:library:1.0.4] AndroidManifest.xml:32:13-47
88            android:launchMode="singleTask"
88-->[com.readystatesoftware.chuck:library:1.0.4] AndroidManifest.xml:33:13-44
89            android:taskAffinity="com.readystatesoftware.chuck.task"
89-->[com.readystatesoftware.chuck:library:1.0.4] AndroidManifest.xml:34:13-69
90            android:theme="@style/Chuck.Theme" />
90-->[com.readystatesoftware.chuck:library:1.0.4] AndroidManifest.xml:35:13-47
91        <activity
91-->[com.readystatesoftware.chuck:library:1.0.4] AndroidManifest.xml:36:9-39:50
92            android:name="com.readystatesoftware.chuck.internal.ui.TransactionActivity"
92-->[com.readystatesoftware.chuck:library:1.0.4] AndroidManifest.xml:37:13-88
93            android:parentActivityName="com.readystatesoftware.chuck.internal.ui.MainActivity"
93-->[com.readystatesoftware.chuck:library:1.0.4] AndroidManifest.xml:38:13-95
94            android:theme="@style/Chuck.Theme" />
94-->[com.readystatesoftware.chuck:library:1.0.4] AndroidManifest.xml:39:13-47
95
96        <service
96-->[com.readystatesoftware.chuck:library:1.0.4] AndroidManifest.xml:41:9-43:40
97            android:name="com.readystatesoftware.chuck.internal.support.ClearTransactionsService"
97-->[com.readystatesoftware.chuck:library:1.0.4] AndroidManifest.xml:42:13-98
98            android:exported="false" />
98-->[com.readystatesoftware.chuck:library:1.0.4] AndroidManifest.xml:43:13-37
99    </application>
100
101</manifest>